app/build/outputs/logs/manifest-merger-debug-report.txt
-- Merging decision tree log ---
manifest
ADDED from src/main/AndroidManifest.xml:2:1-163:12
INJECTED from src/main/AndroidManifest.xml:2:1-163:12
INJECTED from src/main/AndroidManifest.xml:2:1-163:12
INJECTED from src/main/AndroidManifest.xml:2:1-163:12
MERGED from [com.android.support:appcompat-v7:27.1.0] AndroidManifest.xml:17:1-22:12
MERGED from [com.squareup.picasso:picasso:2.71828] AndroidManifest.xml:2:1-14:12
MERGED from [com.android.support:support-fragment:27.1.0] AndroidManifest.xml:17:1-22:12
MERGED from [com.android.support:animated-vector-drawable:27.1.0] AndroidManifest.xml:17:1-22:12
MERGED from [com.android.support:support-core-ui:27.1.0] AndroidManifest.xml:17:1-22:12
MERGED from [com.android.support:support-core-utils:27.1.0] AndroidManifest.xml:17:1-22:12
MERGED from [com.android.support:support-vector-drawable:27.1.0] AndroidManifest.xml:17:1-22:12
MERGED from [com.android.support:exifinterface:27.1.0] AndroidManifest.xml:17:1-22:12
MERGED from [com.android.support:support-compat:27.1.0] AndroidManifest.xml:17:1-22:12
MERGED from [android.arch.lifecycle:livedata-core:1.1.0] AndroidManifest.xml:17:1-22:12
MERGED from [android.arch.lifecycle:viewmodel:1.1.0] AndroidManifest.xml:17:1-22:12
MERGED from [android.arch.lifecycle:runtime:1.1.0] AndroidManifest.xml:17:1-22:12
MERGED from [android.arch.core:runtime:1.1.0] AndroidManifest.xml:17:1-22:12
INJECTED from src/main/AndroidManifest.xml:2:1-163:12
INJECTED from src/main/AndroidManifest.xml:2:1-163:12
INJECTED from src/main/AndroidManifest.xml:2:1-163:12
	package
		ADDED from src/main/AndroidManifest.xml:3:5-35
		INJECTED from src/main/AndroidManifest.xml
		INJECTED from src/main/AndroidManifest.xml
	android:versionName
		INJECTED from src/main/AndroidManifest.xml
		ADDED from src/main/AndroidManifest.xml:2:1-163:12
		INJECTED from src/main/AndroidManifest.xml
	android:versionCode
		INJECTED from src/main/AndroidManifest.xml
		ADDED from src/main/AndroidManifest.xml:2:1-163:12
		INJECTED from src/main/AndroidManifest.xml
	xmlns:android
		ADDED from src/main/AndroidManifest.xml:2:11-69
uses-permission#android.permission.INTERNET
ADDED from src/main/AndroidManifest.xml:5:5-67
	android:name
		ADDED from src/main/AndroidManifest.xml:5:22-64
uses-permission#android.permission.WRITE_EXTERNAL_STORAGE
ADDED from src/main/AndroidManifest.xml:6:5-81
	android:name
		ADDED from src/main/AndroidManifest.xml:6:22-78
uses-permission#android.permission.READ_EXTERNAL_STORAGE
ADDED from src/main/AndroidManifest.xml:7:5-80
	android:name
		ADDED from src/main/AndroidManifest.xml:7:22-77
uses-permission#android.permission.ACCESS_COARSE_LOCATION
ADDED from src/main/AndroidManifest.xml:8:5-81
	android:name
		ADDED from src/main/AndroidManifest.xml:8:22-78
uses-permission#android.permission.ACCESS_NETWORK_STATE
ADDED from src/main/AndroidManifest.xml:9:5-79
	android:name
		ADDED from src/main/AndroidManifest.xml:9:22-76
uses-permission#android.permission.ACCESS_FINE_LOCATION
ADDED from src/main/AndroidManifest.xml:10:5-79
	android:name
		ADDED from src/main/AndroidManifest.xml:10:22-76
uses-permission#android.permission.READ_PHONE_STATE
ADDED from src/main/AndroidManifest.xml:11:5-75
	android:name
		ADDED from src/main/AndroidManifest.xml:11:22-72
uses-permission#android.permission.CHANGE_WIFI_STATE
ADDED from src/main/AndroidManifest.xml:12:5-76
	android:name
		ADDED from src/main/AndroidManifest.xml:12:22-73
uses-permission#android.permission.ACCESS_WIFI_STATE
ADDED from src/main/AndroidManifest.xml:13:5-76
	android:name
		ADDED from src/main/AndroidManifest.xml:13:22-73
uses-permission#android.permission.WAKE_LOCK
ADDED from src/main/AndroidManifest.xml:14:5-68
	android:name
		ADDED from src/main/AndroidManifest.xml:14:22-65
uses-permission#android.permission.CHANGE_NETWORK_STATE
ADDED from src/main/AndroidManifest.xml:15:5-79
	android:name
		ADDED from src/main/AndroidManifest.xml:15:22-76
uses-permission#android.permission.VIBRATE
ADDED from src/main/AndroidManifest.xml:16:2-63
	android:name
		ADDED from src/main/AndroidManifest.xml:16:19-60
uses-permission#android.permission.CAMERA
ADDED from src/main/AndroidManifest.xml:17:5-65
	android:name
		ADDED from src/main/AndroidManifest.xml:17:22-62
uses-permission#android.permission.REQUEST_INSTALL_PACKAGES
ADDED from src/main/AndroidManifest.xml:19:5-83
	android:name
		ADDED from src/main/AndroidManifest.xml:19:22-80
uses-feature#android.hardware.camera
ADDED from src/main/AndroidManifest.xml:20:5-60
	android:name
		ADDED from src/main/AndroidManifest.xml:20:19-57
uses-feature#android.hardware.camera.autofocus
ADDED from src/main/AndroidManifest.xml:21:5-70
	android:name
		ADDED from src/main/AndroidManifest.xml:21:19-67
application
ADDED from src/main/AndroidManifest.xml:23:5-161:19
MERGED from [com.squareup.picasso:picasso:2.71828] AndroidManifest.xml:7:5-12:19
MERGED from [com.squareup.picasso:picasso:2.71828] AndroidManifest.xml:7:5-12:19
	android:label
		ADDED from src/main/AndroidManifest.xml:27:9-41
	android:icon
		ADDED from src/main/AndroidManifest.xml:26:9-42
	android:allowBackup
		ADDED from src/main/AndroidManifest.xml:25:9-35
	android:theme
		ADDED from src/main/AndroidManifest.xml:28:9-40
	android:name
		ADDED from src/main/AndroidManifest.xml:24:9-65
receiver#com.cxwl.weather.eye.utils.AutoUpdateBroadcastReceiver
ADDED from src/main/AndroidManifest.xml:31:9-36:20
	android:name
		ADDED from src/main/AndroidManifest.xml:31:19-88
intent-filter#action:name:android.intent.action.DOWNLOAD_COMPLETE+action:name:android.intent.action.PACKAGE_INSTALL
ADDED from src/main/AndroidManifest.xml:32:13-35:29
action#android.intent.action.DOWNLOAD_COMPLETE
ADDED from src/main/AndroidManifest.xml:33:17-82
	android:name
		ADDED from src/main/AndroidManifest.xml:33:25-79
action#android.intent.action.PACKAGE_INSTALL
ADDED from src/main/AndroidManifest.xml:34:17-80
	android:name
		ADDED from src/main/AndroidManifest.xml:34:25-77
service#com.amap.api.location.APSService
ADDED from src/main/AndroidManifest.xml:39:9-68
	android:name
		ADDED from src/main/AndroidManifest.xml:39:18-65
meta-data#com.amap.api.v2.apikey
ADDED from src/main/AndroidManifest.xml:42:9-44:64
	android:value
		ADDED from src/main/AndroidManifest.xml:44:13-61
	android:name
		ADDED from src/main/AndroidManifest.xml:43:13-50
activity#com.cxwl.weather.eye.activity.ShawnWelcomeActivity
ADDED from src/main/AndroidManifest.xml:46:9-55:20
	android:screenOrientation
		ADDED from src/main/AndroidManifest.xml:49:13-49
	android:theme
		ADDED from src/main/AndroidManifest.xml:48:13-47
	android:name
		ADDED from src/main/AndroidManifest.xml:47:13-78
intent-filter#action:name:android.intent.action.MAIN+category:name:android.intent.category.LAUNCHER
ADDED from src/main/AndroidManifest.xml:50:13-54:29
action#android.intent.action.MAIN
ADDED from src/main/AndroidManifest.xml:51:17-69
	android:name
		ADDED from src/main/AndroidManifest.xml:51:25-66
category#android.intent.category.LAUNCHER
ADDED from src/main/AndroidManifest.xml:53:17-77
	android:name
		ADDED from src/main/AndroidManifest.xml:53:27-74
activity#com.cxwl.weather.eye.activity.ShawnLoginActivity
ADDED from src/main/AndroidManifest.xml:57:9-60:52
	android:screenOrientation
		ADDED from src/main/AndroidManifest.xml:60:13-49
	android:launchMode
		ADDED from src/main/AndroidManifest.xml:59:13-44
	android:name
		ADDED from src/main/AndroidManifest.xml:58:13-76
activity#com.cxwl.weather.eye.activity.ShawnMainActivity
ADDED from src/main/AndroidManifest.xml:62:9-65:52
	android:screenOrientation
		ADDED from src/main/AndroidManifest.xml:65:13-49
	android:launchMode
		ADDED from src/main/AndroidManifest.xml:64:13-44
	android:name
		ADDED from src/main/AndroidManifest.xml:63:13-75
activity#com.cxwl.weather.eye.activity.VideoListActivity
ADDED from src/main/AndroidManifest.xml:67:9-70:52
	android:screenOrientation
		ADDED from src/main/AndroidManifest.xml:70:13-49
	android:launchMode
		ADDED from src/main/AndroidManifest.xml:69:13-44
	android:name
		ADDED from src/main/AndroidManifest.xml:68:13-75
activity#com.cxwl.weather.eye.activity.VideoDetailActivity
ADDED from src/main/AndroidManifest.xml:72:9-77:58
	android:screenOrientation
		ADDED from src/main/AndroidManifest.xml:75:13-47
	android:launchMode
		ADDED from src/main/AndroidManifest.xml:74:13-44
	android:windowSoftInputMode
		ADDED from src/main/AndroidManifest.xml:77:13-55
	android:configChanges
		ADDED from src/main/AndroidManifest.xml:76:13-83
	android:name
		ADDED from src/main/AndroidManifest.xml:73:13-77
activity#com.cxwl.weather.eye.activity.VideoSettingActivity
ADDED from src/main/AndroidManifest.xml:79:9-84:58
	android:screenOrientation
		ADDED from src/main/AndroidManifest.xml:82:13-47
	android:launchMode
		ADDED from src/main/AndroidManifest.xml:81:13-44
	android:windowSoftInputMode
		ADDED from src/main/AndroidManifest.xml:84:13-55
	android:configChanges
		ADDED from src/main/AndroidManifest.xml:83:13-83
	android:name
		ADDED from src/main/AndroidManifest.xml:80:13-78
activity#com.cxwl.weather.eye.activity.PictureWallActivity
ADDED from src/main/AndroidManifest.xml:86:9-89:52
	android:screenOrientation
		ADDED from src/main/AndroidManifest.xml:89:13-49
	android:launchMode
		ADDED from src/main/AndroidManifest.xml:88:13-44
	android:name
		ADDED from src/main/AndroidManifest.xml:87:13-77
activity#com.cxwl.weather.eye.activity.ShawnSettingActivity
ADDED from src/main/AndroidManifest.xml:91:9-94:52
	android:screenOrientation
		ADDED from src/main/AndroidManifest.xml:94:13-49
	android:launchMode
		ADDED from src/main/AndroidManifest.xml:93:13-44
	android:name
		ADDED from src/main/AndroidManifest.xml:92:13-78
activity#com.cxwl.weather.eye.activity.ShawnAboutActivity
ADDED from src/main/AndroidManifest.xml:96:9-99:52
	android:screenOrientation
		ADDED from src/main/AndroidManifest.xml:99:13-49
	android:launchMode
		ADDED from src/main/AndroidManifest.xml:98:13-44
	android:name
		ADDED from src/main/AndroidManifest.xml:97:13-76
activity#com.cxwl.weather.eye.activity.ShawnFacilityInfoActivity
ADDED from src/main/AndroidManifest.xml:101:9-104:52
	android:screenOrientation
		ADDED from src/main/AndroidManifest.xml:104:13-49
	android:launchMode
		ADDED from src/main/AndroidManifest.xml:103:13-44
	android:name
		ADDED from src/main/AndroidManifest.xml:102:13-83
activity#com.cxwl.weather.eye.activity.ShawnUserinfoActivity
ADDED from src/main/AndroidManifest.xml:106:9-109:52
	android:screenOrientation
		ADDED from src/main/AndroidManifest.xml:109:13-49
	android:launchMode
		ADDED from src/main/AndroidManifest.xml:108:13-44
	android:name
		ADDED from src/main/AndroidManifest.xml:107:13-79
activity#com.cxwl.weather.eye.activity.ShawnModifyUserinfoActivity
ADDED from src/main/AndroidManifest.xml:111:9-113:52
	android:screenOrientation
		ADDED from src/main/AndroidManifest.xml:113:13-49
	android:name
		ADDED from src/main/AndroidManifest.xml:112:13-85
activity#com.cxwl.weather.eye.activity.ZXingActivity
ADDED from src/main/AndroidManifest.xml:115:9-117:52
	android:screenOrientation
		ADDED from src/main/AndroidManifest.xml:117:13-49
	android:name
		ADDED from src/main/AndroidManifest.xml:116:13-71
activity#com.cxwl.weather.eye.activity.WriteParametersActivity
ADDED from src/main/AndroidManifest.xml:119:9-122:52
	android:screenOrientation
		ADDED from src/main/AndroidManifest.xml:122:13-49
	android:launchMode
		ADDED from src/main/AndroidManifest.xml:121:13-44
	android:name
		ADDED from src/main/AndroidManifest.xml:120:13-81
activity#com.cxwl.weather.eye.activity.ReadParametersActivity
ADDED from src/main/AndroidManifest.xml:124:9-127:52
	android:screenOrientation
		ADDED from src/main/AndroidManifest.xml:127:13-49
	android:launchMode
		ADDED from src/main/AndroidManifest.xml:126:13-44
	android:name
		ADDED from src/main/AndroidManifest.xml:125:13-80
activity#com.cxwl.weather.eye.activity.SelectWeatherActivity
ADDED from src/main/AndroidManifest.xml:129:9-132:52
	android:screenOrientation
		ADDED from src/main/AndroidManifest.xml:132:13-49
	android:launchMode
		ADDED from src/main/AndroidManifest.xml:131:13-44
	android:name
		ADDED from src/main/AndroidManifest.xml:130:13-79
activity#com.tencent.tauth.AuthActivity
ADDED from src/main/AndroidManifest.xml:136:9-148:20
	android:launchMode
		ADDED from src/main/AndroidManifest.xml:138:13-44
	android:noHistory
		ADDED from src/main/AndroidManifest.xml:139:13-37
	android:name
		ADDED from src/main/AndroidManifest.xml:137:13-58
intent-filter#action:name:android.intent.action.VIEW+category:name:android.intent.category.BROWSABLE+category:name:android.intent.category.DEFAULT+data:scheme:tencent1106012860
ADDED from src/main/AndroidManifest.xml:140:13-147:29
action#android.intent.action.VIEW
ADDED from src/main/AndroidManifest.xml:141:17-69
	android:name
		ADDED from src/main/AndroidManifest.xml:141:25-66
category#android.intent.category.DEFAULT
ADDED from src/main/AndroidManifest.xml:143:17-76
	android:name
		ADDED from src/main/AndroidManifest.xml:143:27-73
category#android.intent.category.BROWSABLE
ADDED from src/main/AndroidManifest.xml:144:17-78
	android:name
		ADDED from src/main/AndroidManifest.xml:144:27-75
data
ADDED from src/main/AndroidManifest.xml:146:17-60
	android:scheme
		ADDED from src/main/AndroidManifest.xml:146:23-57
activity#com.tencent.connect.common.AssistActivity
ADDED from src/main/AndroidManifest.xml:149:9-152:76
	android:configChanges
		ADDED from src/main/AndroidManifest.xml:152:13-74
	android:theme
		ADDED from src/main/AndroidManifest.xml:151:13-72
	android:name
		ADDED from src/main/AndroidManifest.xml:150:13-69
activity#com.cxwl.weather.eye.wxapi.WXEntryActivity
ADDED from src/main/AndroidManifest.xml:154:9-158:75
	android:exported
		ADDED from src/main/AndroidManifest.xml:157:13-36
	android:configChanges
		ADDED from src/main/AndroidManifest.xml:156:13-74
	android:theme
		ADDED from src/main/AndroidManifest.xml:158:13-72
	android:name
		ADDED from src/main/AndroidManifest.xml:155:13-50
uses-sdk
INJECTED from src/main/AndroidManifest.xml reason: use-sdk injection requested
INJECTED from src/main/AndroidManifest.xml
INJECTED from src/main/AndroidManifest.xml
MERGED from [com.android.support:appcompat-v7:27.1.0] AndroidManifest.xml:20:5-44
MERGED from [com.android.support:appcompat-v7:27.1.0] AndroidManifest.xml:20:5-44
MERGED from [com.squareup.picasso:picasso:2.71828] AndroidManifest.xml:5:5-44
MERGED from [com.squareup.picasso:picasso:2.71828] AndroidManifest.xml:5:5-44
MERGED from [com.android.support:support-fragment:27.1.0] AndroidManifest.xml:20:5-44
MERGED from [com.android.support:support-fragment:27.1.0] AndroidManifest.xml:20:5-44
MERGED from [com.android.support:animated-vector-drawable:27.1.0] AndroidManifest.xml:20:5-44
MERGED from [com.android.support:animated-vector-drawable:27.1.0] AndroidManifest.xml:20:5-44
MERGED from [com.android.support:support-core-ui:27.1.0] AndroidManifest.xml:20:5-44
MERGED from [com.android.support:support-core-ui:27.1.0] AndroidManifest.xml:20:5-44
MERGED from [com.android.support:support-core-utils:27.1.0] AndroidManifest.xml:20:5-44
MERGED from [com.android.support:support-core-utils:27.1.0] AndroidManifest.xml:20:5-44
MERGED from [com.android.support:support-vector-drawable:27.1.0] AndroidManifest.xml:20:5-44
MERGED from [com.android.support:support-vector-drawable:27.1.0] AndroidManifest.xml:20:5-44
MERGED from [com.android.support:exifinterface:27.1.0] AndroidManifest.xml:20:5-44
MERGED from [com.android.support:exifinterface:27.1.0] AndroidManifest.xml:20:5-44
MERGED from [com.android.support:support-compat:27.1.0] AndroidManifest.xml:20:5-44
MERGED from [com.android.support:support-compat:27.1.0] AndroidManifest.xml:20:5-44
MERGED from [android.arch.lifecycle:livedata-core:1.1.0] AndroidManifest.xml:20:5-44
MERGED from [android.arch.lifecycle:livedata-core:1.1.0] AndroidManifest.xml:20:5-44
MERGED from [android.arch.lifecycle:viewmodel:1.1.0] AndroidManifest.xml:20:5-44
MERGED from [android.arch.lifecycle:viewmodel:1.1.0] AndroidManifest.xml:20:5-44
MERGED from [android.arch.lifecycle:runtime:1.1.0] AndroidManifest.xml:20:5-44
MERGED from [android.arch.lifecycle:runtime:1.1.0] AndroidManifest.xml:20:5-44
MERGED from [android.arch.core:runtime:1.1.0] AndroidManifest.xml:20:5-44
MERGED from [android.arch.core:runtime:1.1.0] AndroidManifest.xml:20:5-44
INJECTED from src/main/AndroidManifest.xml
INJECTED from src/main/AndroidManifest.xml
	android:targetSdkVersion
		INJECTED from src/main/AndroidManifest.xml
		ADDED from src/main/AndroidManifest.xml
		INJECTED from src/main/AndroidManifest.xml
	android:minSdkVersion
		INJECTED from src/main/AndroidManifest.xml
		ADDED from src/main/AndroidManifest.xml
		INJECTED from src/main/AndroidManifest.xml
provider#com.squareup.picasso.PicassoProvider
ADDED from [com.squareup.picasso:picasso:2.71828] AndroidManifest.xml:8:9-11:40
	android:authorities
		ADDED from [com.squareup.picasso:picasso:2.71828] AndroidManifest.xml:10:13-72
	android:exported
		ADDED from [com.squareup.picasso:picasso:2.71828] AndroidManifest.xml:11:13-37
	android:name
		ADDED from [com.squareup.picasso:picasso:2.71828] AndroidManifest.xml:9:13-64